<?xml version="1.0" encoding="UTF-8"?>
<testng-results ignored="0" total="1" passed="1" failed="0" skipped="0">
  <reporter-output>
  </reporter-output>
  <suite started-at="2022-07-20T02:22:10 BOT" name="Default suite" finished-at="2022-07-20T02:22:46 BOT" duration-ms="35573">
    <groups>
    </groups>
    <test started-at="2022-07-20T02:22:10 BOT" name="Default test" finished-at="2022-07-20T02:22:46 BOT" duration-ms="35573">
      <class name="Academy.AppiumBasics">
        <test-method signature="appiumTest()[pri:0, instance:Academy.AppiumBasics@3c7f66c4]" started-at="2022-07-20T02:22:10 BOT" name="appiumTest" finished-at="2022-07-20T02:22:46 BOT" duration-ms="35550" status="PASS">
          <reporter-output>
          </reporter-output>
        </test-method> <!-- appiumTest -->
      </class> <!-- Academy.AppiumBasics -->
    </test> <!-- Default test -->
  </suite> <!-- Default suite -->
</testng-results>
